<?xml version="1.0" encoding="UTF-8"?>
<testsuite xmlns:xsi="http://www.w3.org/2001/XMLSchema-instance" xsi:noNamespaceSchemaLocation="https://maven.apache.org/surefire/maven-surefire-plugin/xsd/surefire-test-report.xsd" name="com.price.biz.BizApplicationTests" time="2.357" tests="1" errors="0" skipped="0" failures="0">
  <properties>
    <property name="gopherProxySet" value="false"/>
    <property name="awt.toolkit" value="sun.lwawt.macosx.LWCToolkit"/>
    <property name="file.encoding.pkg" value="sun.io"/>
    <property name="java.specification.version" value="1.8"/>
    <property name="sun.cpu.isalist" value=""/>
    <property name="sun.jnu.encoding" value="UTF-8"/>
    <property name="java.class.path" value="/Users/an/Desktop/javawork/pricesBiz/target/test-classes:/Users/an/Desktop/javawork/pricesBiz/target/classes:/Users/an/repo/org/springframework/boot/spring-boot-starter-aop/2.1.1.RELEASE/spring-boot-starter-aop-2.1.1.RELEASE.jar:/Users/an/repo/org/springframework/boot/spring-boot-starter/2.1.1.RELEASE/spring-boot-starter-2.1.1.RELEASE.jar:/Users/an/repo/org/springframework/boot/spring-boot/2.1.1.RELEASE/spring-boot-2.1.1.RELEASE.jar:/Users/an/repo/org/springframework/boot/spring-boot-autoconfigure/2.1.1.RELEASE/spring-boot-autoconfigure-2.1.1.RELEASE.jar:/Users/an/repo/org/springframework/boot/spring-boot-starter-logging/2.1.1.RELEASE/spring-boot-starter-logging-2.1.1.RELEASE.jar:/Users/an/repo/ch/qos/logback/logback-classic/1.2.3/logback-classic-1.2.3.jar:/Users/an/repo/ch/qos/logback/logback-core/1.2.3/logback-core-1.2.3.jar:/Users/an/repo/org/apache/logging/log4j/log4j-to-slf4j/2.11.1/log4j-to-slf4j-2.11.1.jar:/Users/an/repo/org/apache/logging/log4j/log4j-api/2.11.1/log4j-api-2.11.1.jar:/Users/an/repo/org/slf4j/jul-to-slf4j/1.7.25/jul-to-slf4j-1.7.25.jar:/Users/an/repo/javax/annotation/javax.annotation-api/1.3.2/javax.annotation-api-1.3.2.jar:/Users/an/repo/org/yaml/snakeyaml/1.23/snakeyaml-1.23.jar:/Users/an/repo/org/springframework/spring-aop/5.1.3.RELEASE/spring-aop-5.1.3.RELEASE.jar:/Users/an/repo/org/springframework/spring-beans/5.1.3.RELEASE/spring-beans-5.1.3.RELEASE.jar:/Users/an/repo/org/aspectj/aspectjweaver/1.9.2/aspectjweaver-1.9.2.jar:/Users/an/repo/org/springframework/boot/spring-boot-starter-web/2.1.1.RELEASE/spring-boot-starter-web-2.1.1.RELEASE.jar:/Users/an/repo/org/springframework/boot/spring-boot-starter-json/2.1.1.RELEASE/spring-boot-starter-json-2.1.1.RELEASE.jar:/Users/an/repo/com/fasterxml/jackson/core/jackson-databind/2.9.7/jackson-databind-2.9.7.jar:/Users/an/repo/com/fasterxml/jackson/core/jackson-annotations/2.9.0/jackson-annotations-2.9.0.jar:/Users/an/repo/com/fasterxml/jackson/core/jackson-core/2.9.7/jackson-core-2.9.7.jar:/Users/an/repo/com/fasterxml/jackson/datatype/jackson-datatype-jdk8/2.9.7/jackson-datatype-jdk8-2.9.7.jar:/Users/an/repo/com/fasterxml/jackson/datatype/jackson-datatype-jsr310/2.9.7/jackson-datatype-jsr310-2.9.7.jar:/Users/an/repo/com/fasterxml/jackson/module/jackson-module-parameter-names/2.9.7/jackson-module-parameter-names-2.9.7.jar:/Users/an/repo/org/springframework/boot/spring-boot-starter-tomcat/2.1.1.RELEASE/spring-boot-starter-tomcat-2.1.1.RELEASE.jar:/Users/an/repo/org/apache/tomcat/embed/tomcat-embed-core/9.0.13/tomcat-embed-core-9.0.13.jar:/Users/an/repo/org/apache/tomcat/embed/tomcat-embed-el/9.0.13/tomcat-embed-el-9.0.13.jar:/Users/an/repo/org/apache/tomcat/embed/tomcat-embed-websocket/9.0.13/tomcat-embed-websocket-9.0.13.jar:/Users/an/repo/org/hibernate/validator/hibernate-validator/6.0.13.Final/hibernate-validator-6.0.13.Final.jar:/Users/an/repo/javax/validation/validation-api/2.0.1.Final/validation-api-2.0.1.Final.jar:/Users/an/repo/org/jboss/logging/jboss-logging/3.3.2.Final/jboss-logging-3.3.2.Final.jar:/Users/an/repo/com/fasterxml/classmate/1.4.0/classmate-1.4.0.jar:/Users/an/repo/org/springframework/spring-web/5.1.3.RELEASE/spring-web-5.1.3.RELEASE.jar:/Users/an/repo/org/springframework/spring-webmvc/5.1.3.RELEASE/spring-webmvc-5.1.3.RELEASE.jar:/Users/an/repo/org/springframework/spring-context/5.1.3.RELEASE/spring-context-5.1.3.RELEASE.jar:/Users/an/repo/org/springframework/spring-expression/5.1.3.RELEASE/spring-expression-5.1.3.RELEASE.jar:/Users/an/repo/org/projectlombok/lombok/1.18.4/lombok-1.18.4.jar:/Users/an/repo/org/springframework/boot/spring-boot-starter-test/2.1.1.RELEASE/spring-boot-starter-test-2.1.1.RELEASE.jar:/Users/an/repo/org/springframework/boot/spring-boot-test/2.1.1.RELEASE/spring-boot-test-2.1.1.RELEASE.jar:/Users/an/repo/org/springframework/boot/spring-boot-test-autoconfigure/2.1.1.RELEASE/spring-boot-test-autoconfigure-2.1.1.RELEASE.jar:/Users/an/repo/com/jayway/jsonpath/json-path/2.4.0/json-path-2.4.0.jar:/Users/an/repo/net/minidev/json-smart/2.3/json-smart-2.3.jar:/Users/an/repo/net/minidev/accessors-smart/1.2/accessors-smart-1.2.jar:/Users/an/repo/org/slf4j/slf4j-api/1.7.25/slf4j-api-1.7.25.jar:/Users/an/repo/junit/junit/4.12/junit-4.12.jar:/Users/an/repo/org/assertj/assertj-core/3.11.1/assertj-core-3.11.1.jar:/Users/an/repo/org/mockito/mockito-core/2.23.4/mockito-core-2.23.4.jar:/Users/an/repo/net/bytebuddy/byte-buddy/1.9.5/byte-buddy-1.9.5.jar:/Users/an/repo/net/bytebuddy/byte-buddy-agent/1.9.5/byte-buddy-agent-1.9.5.jar:/Users/an/repo/org/objenesis/objenesis/2.6/objenesis-2.6.jar:/Users/an/repo/org/hamcrest/hamcrest-core/1.3/hamcrest-core-1.3.jar:/Users/an/repo/org/hamcrest/hamcrest-library/1.3/hamcrest-library-1.3.jar:/Users/an/repo/org/skyscreamer/jsonassert/1.5.0/jsonassert-1.5.0.jar:/Users/an/repo/com/vaadin/external/google/android-json/0.0.20131108.vaadin1/android-json-0.0.20131108.vaadin1.jar:/Users/an/repo/org/springframework/spring-core/5.1.3.RELEASE/spring-core-5.1.3.RELEASE.jar:/Users/an/repo/org/springframework/spring-jcl/5.1.3.RELEASE/spring-jcl-5.1.3.RELEASE.jar:/Users/an/repo/org/springframework/spring-test/5.1.3.RELEASE/spring-test-5.1.3.RELEASE.jar:/Users/an/repo/org/xmlunit/xmlunit-core/2.6.2/xmlunit-core-2.6.2.jar:/Users/an/repo/com/geccocrawler/gecco/1.3.0/gecco-1.3.0.jar:/Users/an/repo/org/apache/httpcomponents/httpclient/4.5.6/httpclient-4.5.6.jar:/Users/an/repo/org/apache/httpcomponents/httpcore/4.4.10/httpcore-4.4.10.jar:/Users/an/repo/commons-codec/commons-codec/1.11/commons-codec-1.11.jar:/Users/an/repo/org/jsoup/jsoup/1.10.3/jsoup-1.10.3.jar:/Users/an/repo/org/reflections/reflections/0.9.11/reflections-0.9.11.jar:/Users/an/repo/org/javassist/javassist/3.21.0-GA/javassist-3.21.0-GA.jar:/Users/an/repo/com/alibaba/fastjson/1.2.38/fastjson-1.2.38.jar:/Users/an/repo/log4j/log4j/1.2.17/log4j-1.2.17.jar:/Users/an/repo/cglib/cglib/3.2.5/cglib-3.2.5.jar:/Users/an/repo/org/ow2/asm/asm/5.2/asm-5.2.jar:/Users/an/repo/org/apache/ant/ant/1.9.6/ant-1.9.6.jar:/Users/an/repo/org/apache/ant/ant-launcher/1.9.6/ant-launcher-1.9.6.jar:/Users/an/repo/org/apache/commons/commons-lang3/3.8.1/commons-lang3-3.8.1.jar:/Users/an/repo/org/mozilla/rhino/1.7.7.2/rhino-1.7.7.2.jar:/Users/an/repo/org/weakref/jmxutils/1.19/jmxutils-1.19.jar:/Users/an/repo/com/google/guava/guava/23.0/guava-23.0.jar:/Users/an/repo/com/google/code/findbugs/jsr305/1.3.9/jsr305-1.3.9.jar:/Users/an/repo/com/google/errorprone/error_prone_annotations/2.0.18/error_prone_annotations-2.0.18.jar:/Users/an/repo/com/google/j2objc/j2objc-annotations/1.1/j2objc-annotations-1.1.jar:/Users/an/repo/org/codehaus/mojo/animal-sniffer-annotations/1.14/animal-sniffer-annotations-1.14.jar:/Users/an/repo/com/geccocrawler/gecco-spring/1.3.0/gecco-spring-1.3.0.jar:/Users/an/repo/com/geccocrawler/gecco-htmlunit/1.0.9/gecco-htmlunit-1.0.9.jar:/Users/an/repo/net/sourceforge/htmlunit/htmlunit/2.33/htmlunit-2.33.jar:/Users/an/repo/xalan/xalan/2.7.2/xalan-2.7.2.jar:/Users/an/repo/xalan/serializer/2.7.2/serializer-2.7.2.jar:/Users/an/repo/org/apache/commons/commons-text/1.4/commons-text-1.4.jar:/Users/an/repo/org/apache/httpcomponents/httpmime/4.5.6/httpmime-4.5.6.jar:/Users/an/repo/net/sourceforge/htmlunit/htmlunit-core-js/2.33/htmlunit-core-js-2.33.jar:/Users/an/repo/net/sourceforge/htmlunit/neko-htmlunit/2.33/neko-htmlunit-2.33.jar:/Users/an/repo/xerces/xercesImpl/2.12.0/xercesImpl-2.12.0.jar:/Users/an/repo/xml-apis/xml-apis/1.4.01/xml-apis-1.4.01.jar:/Users/an/repo/net/sourceforge/htmlunit/htmlunit-cssparser/1.2.0/htmlunit-cssparser-1.2.0.jar:/Users/an/repo/commons-io/commons-io/2.6/commons-io-2.6.jar:/Users/an/repo/commons-net/commons-net/3.6/commons-net-3.6.jar:/Users/an/repo/org/eclipse/jetty/websocket/websocket-client/9.4.12.v20180830/websocket-client-9.4.12.v20180830.jar:/Users/an/repo/org/eclipse/jetty/jetty-client/9.4.12.v20180830/jetty-client-9.4.12.v20180830.jar:/Users/an/repo/org/eclipse/jetty/jetty-http/9.4.12.v20180830/jetty-http-9.4.12.v20180830.jar:/Users/an/repo/org/eclipse/jetty/jetty-xml/9.4.12.v20180830/jetty-xml-9.4.12.v20180830.jar:/Users/an/repo/org/eclipse/jetty/jetty-util/9.4.12.v20180830/jetty-util-9.4.12.v20180830.jar:/Users/an/repo/org/eclipse/jetty/jetty-io/9.4.12.v20180830/jetty-io-9.4.12.v20180830.jar:/Users/an/repo/org/eclipse/jetty/websocket/websocket-common/9.4.12.v20180830/websocket-common-9.4.12.v20180830.jar:/Users/an/repo/org/eclipse/jetty/websocket/websocket-api/9.4.12.v20180830/websocket-api-9.4.12.v20180830.jar:"/>
    <property name="java.vm.vendor" value="Oracle Corporation"/>
    <property name="sun.arch.data.model" value="64"/>
    <property name="java.vendor.url" value="http://java.oracle.com/"/>
    <property name="user.timezone" value=""/>
    <property name="java.vm.specification.version" value="1.8"/>
    <property name="os.name" value="Mac OS X"/>
    <property name="user.country" value="CN"/>
    <property name="sun.java.launcher" value="SUN_STANDARD"/>
    <property name="sun.boot.library.path" value="/Library/Java/JavaVirtualMachines/jdk1.8.0_181.jdk/Contents/Home/jre/lib"/>
    <property name="sun.java.command" value="/Users/an/Desktop/javawork/pricesBiz/target/surefire/surefirebooter3881504704485494548.jar /Users/an/Desktop/javawork/pricesBiz/target/surefire 2018-12-03T10-44-18_147-jvmRun1 surefire2064606548532574694tmp surefire_03584606146895727303tmp"/>
    <property name="surefire.test.class.path" value="/Users/an/Desktop/javawork/pricesBiz/target/test-classes:/Users/an/Desktop/javawork/pricesBiz/target/classes:/Users/an/repo/org/springframework/boot/spring-boot-starter-aop/2.1.1.RELEASE/spring-boot-starter-aop-2.1.1.RELEASE.jar:/Users/an/repo/org/springframework/boot/spring-boot-starter/2.1.1.RELEASE/spring-boot-starter-2.1.1.RELEASE.jar:/Users/an/repo/org/springframework/boot/spring-boot/2.1.1.RELEASE/spring-boot-2.1.1.RELEASE.jar:/Users/an/repo/org/springframework/boot/spring-boot-autoconfigure/2.1.1.RELEASE/spring-boot-autoconfigure-2.1.1.RELEASE.jar:/Users/an/repo/org/springframework/boot/spring-boot-starter-logging/2.1.1.RELEASE/spring-boot-starter-logging-2.1.1.RELEASE.jar:/Users/an/repo/ch/qos/logback/logback-classic/1.2.3/logback-classic-1.2.3.jar:/Users/an/repo/ch/qos/logback/logback-core/1.2.3/logback-core-1.2.3.jar:/Users/an/repo/org/apache/logging/log4j/log4j-to-slf4j/2.11.1/log4j-to-slf4j-2.11.1.jar:/Users/an/repo/org/apache/logging/log4j/log4j-api/2.11.1/log4j-api-2.11.1.jar:/Users/an/repo/org/slf4j/jul-to-slf4j/1.7.25/jul-to-slf4j-1.7.25.jar:/Users/an/repo/javax/annotation/javax.annotation-api/1.3.2/javax.annotation-api-1.3.2.jar:/Users/an/repo/org/yaml/snakeyaml/1.23/snakeyaml-1.23.jar:/Users/an/repo/org/springframework/spring-aop/5.1.3.RELEASE/spring-aop-5.1.3.RELEASE.jar:/Users/an/repo/org/springframework/spring-beans/5.1.3.RELEASE/spring-beans-5.1.3.RELEASE.jar:/Users/an/repo/org/aspectj/aspectjweaver/1.9.2/aspectjweaver-1.9.2.jar:/Users/an/repo/org/springframework/boot/spring-boot-starter-web/2.1.1.RELEASE/spring-boot-starter-web-2.1.1.RELEASE.jar:/Users/an/repo/org/springframework/boot/spring-boot-starter-json/2.1.1.RELEASE/spring-boot-starter-json-2.1.1.RELEASE.jar:/Users/an/repo/com/fasterxml/jackson/core/jackson-databind/2.9.7/jackson-databind-2.9.7.jar:/Users/an/repo/com/fasterxml/jackson/core/jackson-annotations/2.9.0/jackson-annotations-2.9.0.jar:/Users/an/repo/com/fasterxml/jackson/core/jackson-core/2.9.7/jackson-core-2.9.7.jar:/Users/an/repo/com/fasterxml/jackson/datatype/jackson-datatype-jdk8/2.9.7/jackson-datatype-jdk8-2.9.7.jar:/Users/an/repo/com/fasterxml/jackson/datatype/jackson-datatype-jsr310/2.9.7/jackson-datatype-jsr310-2.9.7.jar:/Users/an/repo/com/fasterxml/jackson/module/jackson-module-parameter-names/2.9.7/jackson-module-parameter-names-2.9.7.jar:/Users/an/repo/org/springframework/boot/spring-boot-starter-tomcat/2.1.1.RELEASE/spring-boot-starter-tomcat-2.1.1.RELEASE.jar:/Users/an/repo/org/apache/tomcat/embed/tomcat-embed-core/9.0.13/tomcat-embed-core-9.0.13.jar:/Users/an/repo/org/apache/tomcat/embed/tomcat-embed-el/9.0.13/tomcat-embed-el-9.0.13.jar:/Users/an/repo/org/apache/tomcat/embed/tomcat-embed-websocket/9.0.13/tomcat-embed-websocket-9.0.13.jar:/Users/an/repo/org/hibernate/validator/hibernate-validator/6.0.13.Final/hibernate-validator-6.0.13.Final.jar:/Users/an/repo/javax/validation/validation-api/2.0.1.Final/validation-api-2.0.1.Final.jar:/Users/an/repo/org/jboss/logging/jboss-logging/3.3.2.Final/jboss-logging-3.3.2.Final.jar:/Users/an/repo/com/fasterxml/classmate/1.4.0/classmate-1.4.0.jar:/Users/an/repo/org/springframework/spring-web/5.1.3.RELEASE/spring-web-5.1.3.RELEASE.jar:/Users/an/repo/org/springframework/spring-webmvc/5.1.3.RELEASE/spring-webmvc-5.1.3.RELEASE.jar:/Users/an/repo/org/springframework/spring-context/5.1.3.RELEASE/spring-context-5.1.3.RELEASE.jar:/Users/an/repo/org/springframework/spring-expression/5.1.3.RELEASE/spring-expression-5.1.3.RELEASE.jar:/Users/an/repo/org/projectlombok/lombok/1.18.4/lombok-1.18.4.jar:/Users/an/repo/org/springframework/boot/spring-boot-starter-test/2.1.1.RELEASE/spring-boot-starter-test-2.1.1.RELEASE.jar:/Users/an/repo/org/springframework/boot/spring-boot-test/2.1.1.RELEASE/spring-boot-test-2.1.1.RELEASE.jar:/Users/an/repo/org/springframework/boot/spring-boot-test-autoconfigure/2.1.1.RELEASE/spring-boot-test-autoconfigure-2.1.1.RELEASE.jar:/Users/an/repo/com/jayway/jsonpath/json-path/2.4.0/json-path-2.4.0.jar:/Users/an/repo/net/minidev/json-smart/2.3/json-smart-2.3.jar:/Users/an/repo/net/minidev/accessors-smart/1.2/accessors-smart-1.2.jar:/Users/an/repo/org/slf4j/slf4j-api/1.7.25/slf4j-api-1.7.25.jar:/Users/an/repo/junit/junit/4.12/junit-4.12.jar:/Users/an/repo/org/assertj/assertj-core/3.11.1/assertj-core-3.11.1.jar:/Users/an/repo/org/mockito/mockito-core/2.23.4/mockito-core-2.23.4.jar:/Users/an/repo/net/bytebuddy/byte-buddy/1.9.5/byte-buddy-1.9.5.jar:/Users/an/repo/net/bytebuddy/byte-buddy-agent/1.9.5/byte-buddy-agent-1.9.5.jar:/Users/an/repo/org/objenesis/objenesis/2.6/objenesis-2.6.jar:/Users/an/repo/org/hamcrest/hamcrest-core/1.3/hamcrest-core-1.3.jar:/Users/an/repo/org/hamcrest/hamcrest-library/1.3/hamcrest-library-1.3.jar:/Users/an/repo/org/skyscreamer/jsonassert/1.5.0/jsonassert-1.5.0.jar:/Users/an/repo/com/vaadin/external/google/android-json/0.0.20131108.vaadin1/android-json-0.0.20131108.vaadin1.jar:/Users/an/repo/org/springframework/spring-core/5.1.3.RELEASE/spring-core-5.1.3.RELEASE.jar:/Users/an/repo/org/springframework/spring-jcl/5.1.3.RELEASE/spring-jcl-5.1.3.RELEASE.jar:/Users/an/repo/org/springframework/spring-test/5.1.3.RELEASE/spring-test-5.1.3.RELEASE.jar:/Users/an/repo/org/xmlunit/xmlunit-core/2.6.2/xmlunit-core-2.6.2.jar:/Users/an/repo/com/geccocrawler/gecco/1.3.0/gecco-1.3.0.jar:/Users/an/repo/org/apache/httpcomponents/httpclient/4.5.6/httpclient-4.5.6.jar:/Users/an/repo/org/apache/httpcomponents/httpcore/4.4.10/httpcore-4.4.10.jar:/Users/an/repo/commons-codec/commons-codec/1.11/commons-codec-1.11.jar:/Users/an/repo/org/jsoup/jsoup/1.10.3/jsoup-1.10.3.jar:/Users/an/repo/org/reflections/reflections/0.9.11/reflections-0.9.11.jar:/Users/an/repo/org/javassist/javassist/3.21.0-GA/javassist-3.21.0-GA.jar:/Users/an/repo/com/alibaba/fastjson/1.2.38/fastjson-1.2.38.jar:/Users/an/repo/log4j/log4j/1.2.17/log4j-1.2.17.jar:/Users/an/repo/cglib/cglib/3.2.5/cglib-3.2.5.jar:/Users/an/repo/org/ow2/asm/asm/5.2/asm-5.2.jar:/Users/an/repo/org/apache/ant/ant/1.9.6/ant-1.9.6.jar:/Users/an/repo/org/apache/ant/ant-launcher/1.9.6/ant-launcher-1.9.6.jar:/Users/an/repo/org/apache/commons/commons-lang3/3.8.1/commons-lang3-3.8.1.jar:/Users/an/repo/org/mozilla/rhino/1.7.7.2/rhino-1.7.7.2.jar:/Users/an/repo/org/weakref/jmxutils/1.19/jmxutils-1.19.jar:/Users/an/repo/com/google/guava/guava/23.0/guava-23.0.jar:/Users/an/repo/com/google/code/findbugs/jsr305/1.3.9/jsr305-1.3.9.jar:/Users/an/repo/com/google/errorprone/error_prone_annotations/2.0.18/error_prone_annotations-2.0.18.jar:/Users/an/repo/com/google/j2objc/j2objc-annotations/1.1/j2objc-annotations-1.1.jar:/Users/an/repo/org/codehaus/mojo/animal-sniffer-annotations/1.14/animal-sniffer-annotations-1.14.jar:/Users/an/repo/com/geccocrawler/gecco-spring/1.3.0/gecco-spring-1.3.0.jar:/Users/an/repo/com/geccocrawler/gecco-htmlunit/1.0.9/gecco-htmlunit-1.0.9.jar:/Users/an/repo/net/sourceforge/htmlunit/htmlunit/2.33/htmlunit-2.33.jar:/Users/an/repo/xalan/xalan/2.7.2/xalan-2.7.2.jar:/Users/an/repo/xalan/serializer/2.7.2/serializer-2.7.2.jar:/Users/an/repo/org/apache/commons/commons-text/1.4/commons-text-1.4.jar:/Users/an/repo/org/apache/httpcomponents/httpmime/4.5.6/httpmime-4.5.6.jar:/Users/an/repo/net/sourceforge/htmlunit/htmlunit-core-js/2.33/htmlunit-core-js-2.33.jar:/Users/an/repo/net/sourceforge/htmlunit/neko-htmlunit/2.33/neko-htmlunit-2.33.jar:/Users/an/repo/xerces/xercesImpl/2.12.0/xercesImpl-2.12.0.jar:/Users/an/repo/xml-apis/xml-apis/1.4.01/xml-apis-1.4.01.jar:/Users/an/repo/net/sourceforge/htmlunit/htmlunit-cssparser/1.2.0/htmlunit-cssparser-1.2.0.jar:/Users/an/repo/commons-io/commons-io/2.6/commons-io-2.6.jar:/Users/an/repo/commons-net/commons-net/3.6/commons-net-3.6.jar:/Users/an/repo/org/eclipse/jetty/websocket/websocket-client/9.4.12.v20180830/websocket-client-9.4.12.v20180830.jar:/Users/an/repo/org/eclipse/jetty/jetty-client/9.4.12.v20180830/jetty-client-9.4.12.v20180830.jar:/Users/an/repo/org/eclipse/jetty/jetty-http/9.4.12.v20180830/jetty-http-9.4.12.v20180830.jar:/Users/an/repo/org/eclipse/jetty/jetty-xml/9.4.12.v20180830/jetty-xml-9.4.12.v20180830.jar:/Users/an/repo/org/eclipse/jetty/jetty-util/9.4.12.v20180830/jetty-util-9.4.12.v20180830.jar:/Users/an/repo/org/eclipse/jetty/jetty-io/9.4.12.v20180830/jetty-io-9.4.12.v20180830.jar:/Users/an/repo/org/eclipse/jetty/websocket/websocket-common/9.4.12.v20180830/websocket-common-9.4.12.v20180830.jar:/Users/an/repo/org/eclipse/jetty/websocket/websocket-api/9.4.12.v20180830/websocket-api-9.4.12.v20180830.jar:"/>
    <property name="sun.cpu.endian" value="little"/>
    <property name="user.home" value="/Users/an"/>
    <property name="user.language" value="zh"/>
    <property name="java.specification.vendor" value="Oracle Corporation"/>
    <property name="java.home" value="/Library/Java/JavaVirtualMachines/jdk1.8.0_181.jdk/Contents/Home/jre"/>
    <property name="basedir" value="/Users/an/Desktop/javawork/pricesBiz"/>
    <property name="file.separator" value="/"/>
    <property name="line.separator" value="&#10;"/>
    <property name="java.vm.specification.vendor" value="Oracle Corporation"/>
    <property name="java.specification.name" value="Java Platform API Specification"/>
    <property name="java.awt.graphicsenv" value="sun.awt.CGraphicsEnvironment"/>
    <property name="surefire.real.class.path" value="/Users/an/Desktop/javawork/pricesBiz/target/surefire/surefirebooter3881504704485494548.jar"/>
    <property name="sun.boot.class.path" value="/Library/Java/JavaVirtualMachines/jdk1.8.0_181.jdk/Contents/Home/jre/lib/resources.jar:/Library/Java/JavaVirtualMachines/jdk1.8.0_181.jdk/Contents/Home/jre/lib/rt.jar:/Library/Java/JavaVirtualMachines/jdk1.8.0_181.jdk/Contents/Home/jre/lib/sunrsasign.jar:/Library/Java/JavaVirtualMachines/jdk1.8.0_181.jdk/Contents/Home/jre/lib/jsse.jar:/Library/Java/JavaVirtualMachines/jdk1.8.0_181.jdk/Contents/Home/jre/lib/jce.jar:/Library/Java/JavaVirtualMachines/jdk1.8.0_181.jdk/Contents/Home/jre/lib/charsets.jar:/Library/Java/JavaVirtualMachines/jdk1.8.0_181.jdk/Contents/Home/jre/lib/jfr.jar:/Library/Java/JavaVirtualMachines/jdk1.8.0_181.jdk/Contents/Home/jre/classes"/>
    <property name="sun.management.compiler" value="HotSpot 64-Bit Tiered Compilers"/>
    <property name="java.runtime.version" value="1.8.0_181-b13"/>
    <property name="user.name" value="an"/>
    <property name="path.separator" value=":"/>
    <property name="os.version" value="10.13.6"/>
    <property name="java.endorsed.dirs" value="/Library/Java/JavaVirtualMachines/jdk1.8.0_181.jdk/Contents/Home/jre/lib/endorsed"/>
    <property name="java.runtime.name" value="Java(TM) SE Runtime Environment"/>
    <property name="file.encoding" value="US-ASCII"/>
    <property name="java.vm.name" value="Java HotSpot(TM) 64-Bit Server VM"/>
    <property name="localRepository" value="/Users/an/repo"/>
    <property name="java.vendor.url.bug" value="http://bugreport.sun.com/bugreport/"/>
    <property name="java.io.tmpdir" value="/var/folders/xs/8dm_slb14q7bpw6mtkn7y89r0000gp/T/"/>
    <property name="idea.version" value="2018.2"/>
    <property name="java.version" value="1.8.0_181"/>
    <property name="user.dir" value="/Users/an/Desktop/javawork/pricesBiz"/>
    <property name="os.arch" value="x86_64"/>
    <property name="java.vm.specification.name" value="Java Virtual Machine Specification"/>
    <property name="java.awt.printerjob" value="sun.lwawt.macosx.CPrinterJob"/>
    <property name="sun.os.patch.level" value="unknown"/>
    <property name="java.library.path" value="/Users/an/Library/Java/Extensions:/Library/Java/Extensions:/Network/Library/Java/Extensions:/System/Library/Java/Extensions:/usr/lib/java:."/>
    <property name="java.vm.info" value="mixed mode"/>
    <property name="java.vendor" value="Oracle Corporation"/>
    <property name="java.vm.version" value="25.181-b13"/>
    <property name="java.ext.dirs" value="/Users/an/Library/Java/Extensions:/Library/Java/JavaVirtualMachines/jdk1.8.0_181.jdk/Contents/Home/jre/lib/ext:/Library/Java/Extensions:/Network/Library/Java/Extensions:/System/Library/Java/Extensions:/usr/lib/java"/>
    <property name="sun.io.unicode.encoding" value="UnicodeBig"/>
    <property name="java.class.version" value="52.0"/>
  </properties>
  <testcase name="contextLoads" classname="com.price.biz.BizApplicationTests" time="0.112"/>
</testsuite>